Wed, 02 Jan 2019 08:31:15 GMT 
GET 
/Wed, 02 Jan 2019 08:40:55 GMT 
GET 
/Wed, 02 Jan 2019 08:40:56 GMT 
GET 
/Wed, 02 Jan 2019 08:40:56 GMT 
GET 
/Wed, 02 Jan 2019 08:41:17 GMT 
GET 
/dd[Wed, 02 Jan 2019 08:42:34 GMT] 
GET 
/dd[Wed, 02 Jan 2019 08:42:52 GMT] 
GET 
/dd[Wed, 02 Jan 2019 08:43:01 GMT] 
GET 
/dd[Wed, 02 Jan 2019 08:43:03 GMT] 
GET 
/dd33[Wed, 02 Jan 2019 08:44:54 GMT] 
GET 
/dd33[object Object] 
[Wed, 02 Jan 2019 08:46:27 GMT] 
GET 
/dd33[Wed, 02 Jan 2019 08:47:04 GMT],
GET,
/dd33[Wed, 02 Jan 2019 08:47:41 GMT]GET/dd33[Wed, 02 Jan 2019 08:48:01 GMT]GET/dd33.html[Wed, 02 Jan 2019 08:49:16 GMT]GET/dd33.html
[Wed, 02 Jan 2019 08:49:24 GMT]GET/dd33.html
[Wed, 02 Jan 2019 08:49:33 GMT]GET/dd.html
[Wed, 02 Jan 2019 08:49:48 GMT] GET /dd.html
[Wed, 02 Jan 2019 08:49:48 GMT] GET /dd.html
[Wed, 02 Jan 2019 08:49:49 GMT] GET /dd.html
[Wed, 02 Jan 2019 08:49:49 GMT] GET /dd.html
